2018-06-11 15:15:46 +0000  Initial pipeline context: <IDEDistributionProcessingPipelineContext: 0x7faa45d2fc00; archive(resolved)='<IDEArchive: 0x7faa4488fd70>', distributionTask(resolved)='2', distributionDestination(resolved)='1', distributionMethod(resolved)='<IDEDistributionMethodDeveloperID: 0x7faa449bb960>', team(resolved)='<IDEProvisioningDisambiguatableBasicTeam: 0x7faa3f64b5d0; teamID='6X48Z7RLLF', teamName='The Zimmerman Agency', teamType='Company', username='jwelch@bynkii.com', isFreeProvisioningTeam='0'>'>
	Chain (11, self inclusive):
	<IDEDistributionProcessingPipelineContext: 0x7faa45d2fc00; archive = '<IDEArchive: 0x7faa4488fd70>', distributionMethod='<IDEDistributionMethodDeveloperID: 0x7faa449bb960>', team='<IDEProvisioningDisambiguatableBasicTeam: 0x7faa3f64b5d0; teamID='6X48Z7RLLF', teamName='The Zimmerman Agency', teamType='Company', username='jwelch@bynkii.com', isFreeProvisioningTeam='0'>'>
	<IDEDistributionProcessingPipelineContext: 0x7faa45dddd90; archive = '<IDEArchive: 0x7faa4488fd70>', distributionMethod='<IDEDistributionMethodDeveloperID: 0x7faa449bb960>', team='<IDEProvisioningDisambiguatableBasicTeam: 0x7faa3f64b5d0; teamID='6X48Z7RLLF', teamName='The Zimmerman Agency', teamType='Company', username='jwelch@bynkii.com', isFreeProvisioningTeam='0'>'>
	<IDEDistributionContext: 0x7faa45ac5df0; archive = '<IDEArchive: 0x7faa4488fd70>', distributionMethod='<IDEDistributionMethodDeveloperID: 0x7faa449bb960>', team='<IDEProvisioningDisambiguatableBasicTeam: 0x7faa3f64b5d0; teamID='6X48Z7RLLF', teamName='The Zimmerman Agency', teamType='Company', username='jwelch@bynkii.com', isFreeProvisioningTeam='0'>'>
	<IDEDistributionContext: 0x7faa45f859d0; archive = '<IDEArchive: 0x7faa4488fd70>', distributionMethod='<IDEDistributionMethodDeveloperID: 0x7faa449bb960>', team='<IDEProvisioningDisambiguatableBasicTeam: 0x7faa3f64b5d0; teamID='6X48Z7RLLF', teamName='The Zimmerman Agency', teamType='Company', username='jwelch@bynkii.com', isFreeProvisioningTeam='0'>'>
	<IDEDistributionContext: 0x7faa454a23a0; archive = '<IDEArchive: 0x7faa4488fd70>', distributionMethod='<IDEDistributionMethodDeveloperID: 0x7faa449bb960>', team='<IDEProvisioningDisambiguatableBasicTeam: 0x7faa3f64b5d0; teamID='6X48Z7RLLF', teamName='The Zimmerman Agency', teamType='Company', username='jwelch@bynkii.com', isFreeProvisioningTeam='0'>'>
	<IDEDistributionContext: 0x7faa44c5dbe0; archive = '<IDEArchive: 0x7faa4488fd70>', distributionMethod='<IDEDistributionMethodDeveloperID: 0x7faa449bb960>', team='<IDEProvisioningDisambiguatableBasicTeam: 0x7faa3f64b5d0; teamID='6X48Z7RLLF', teamName='The Zimmerman Agency', teamType='Company', username='jwelch@bynkii.com', isFreeProvisioningTeam='0'>'>
	<IDEDistributionContext: 0x7faa45ac5890; archive = '<IDEArchive: 0x7faa4488fd70>', distributionMethod='<IDEDistributionMethodDeveloperID: 0x7faa449bb960>', team='<IDEProvisioningDisambiguatableBasicTeam: 0x7faa3f64b5d0; teamID='6X48Z7RLLF', teamName='The Zimmerman Agency', teamType='Company', username='jwelch@bynkii.com', isFreeProvisioningTeam='0'>'>
	<IDEDistributionContext: 0x7faa438b5380; archive = '<IDEArchive: 0x7faa4488fd70>', distributionMethod='<IDEDistributionMethodDeveloperID: 0x7faa449bb960>', team='<IDEProvisioningDisambiguatableBasicTeam: 0x7faa3f64b5d0; teamID='6X48Z7RLLF', teamName='The Zimmerman Agency', teamType='Company', username='jwelch@bynkii.com', isFreeProvisioningTeam='0'>'>
	<IDEDistributionContext: 0x7faa45a5f610; archive = '<IDEArchive: 0x7faa4488fd70>', distributionMethod='<IDEDistributionMethodDeveloperID: 0x7faa449bb960>', team='(null)'>
	<IDEDistributionContext: 0x7faa45a34ae0; archive = '<IDEArchive: 0x7faa4488fd70>', distributionMethod='<IDEDistributionMethodDeveloperID: 0x7faa449bb960>', team='(null)'>
	<IDEDistributionContext: 0x7faa456d38b0; archive = '<IDEArchive: 0x7faa4488fd70>', distributionMethod='(null)', team='(null)'>
</IDEDistributionProcessingPipelineContext: 0x7faa45d2fc00>
2018-06-11 15:15:46 +0000  Processing step: IDEDistributionCreateDestRootStep
2018-06-11 15:15:46 +0000  Processing step: IDEDistributionCopyItemStep
2018-06-11 15:15:46 +0000  Running /usr/bin/ditto '-V' '/Users/john_welch/Library/Developer/Xcode/Archives/2018-06-11/Nagios Manager 6-11-18, 11.14.xcarchive/Products/Applications/Nagios Manager.app' '/var/folders/p7/l9382z7x6hsgr_8xjmxhw0xmryd4d0/T/XcodeDistPipeline.IqD/Root/Applications/Nagios Manager.app'
2018-06-11 15:15:46 +0000  >>> Copying /Users/john_welch/Library/Developer/Xcode/Archives/2018-06-11/Nagios Manager 6-11-18, 11.14.xcarchive/Products/Applications/Nagios Manager.app 
2018-06-11 15:15:46 +0000  copying file ./Contents/_CodeSignature/CodeResources ... 
2018-06-11 15:15:46 +0000  2706 bytes for ./Contents/_CodeSignature/CodeResources
2018-06-11 15:15:46 +0000  copying file ./Contents/MacOS/Nagios Manager ... 
2018-06-11 15:15:46 +0000  18624 bytes for ./Contents/MacOS/Nagios Manager
2018-06-11 15:15:46 +0000  copying file ./Contents/Resources/Base.lproj/MainMenu.nib ... 
2018-06-11 15:15:46 +0000  66282 bytes for ./Contents/Resources/Base.lproj/MainMenu.nib
2018-06-11 15:15:46 +0000  copying file ./Contents/Resources/AppDelegate.scpt ... 
2018-06-11 15:15:46 +0000  100130 bytes for ./Contents/Resources/AppDelegate.scpt
2018-06-11 15:15:46 +0000  copying file ./Contents/Info.plist ... 
2018-06-11 15:15:46 +0000  1555 bytes for ./Contents/Info.plist
2018-06-11 15:15:46 +0000  copying file ./Contents/PkgInfo ... 
2018-06-11 15:15:46 +0000  8 bytes for ./Contents/PkgInfo
2018-06-11 15:15:46 +0000  2018-06-11 15:15:46 +0000  

2018-06-11 15:15:46 +0000  /usr/bin/ditto exited with 02018-06-11 15:15:46 +0000  2018-06-11 15:15:46 +0000  


2018-06-11 15:15:46 +0000  Processing step: IDEDistributionEmbedProfileStep
2018-06-11 15:15:46 +0000  Skipping profile for item: <IDEDistributionItem: 0x7faa45dc4520 'bynkii.com.Nagios-Manager' '<DVTFilePath:0x7faa44a9dc70:'/Users/john_welch/Library/Developer/Xcode/Archives/2018-06-11/Nagios Manager 6-11-18, 11.14.xcarchive/Products/Applications/Nagios Manager.app'>'>
2018-06-11 15:15:46 +0000  Processing step: IDEDistributionAppThinningPlistStep
2018-06-11 15:15:46 +0000  Processing step: IDEDistributionCompileBitcodeStep
2018-06-11 15:15:46 +0000  Skipping step: IDEDistributionCompileBitcodeStep because it said so
2018-06-11 15:15:46 +0000  Processing step: IDEDistributionCodeSlimmingStep
2018-06-11 15:15:46 +0000  Processing step: IDEDistributionCopyBCSymbolMapsStep
2018-06-11 15:15:46 +0000  Skipping step: IDEDistributionCopyBCSymbolMapsStep because it said so
2018-06-11 15:15:46 +0000  Processing step: IDEDistributionSymbolsStep
2018-06-11 15:15:46 +0000  Skipping step: IDEDistributionSymbolsStep because it said so
2018-06-11 15:15:46 +0000  Processing step: IDEDistributionAppThinningStep
2018-06-11 15:15:46 +0000  Skipping step: IDEDistributionAppThinningStep because it said so
2018-06-11 15:15:46 +0000  Processing step: IDEDistributionODRStep
2018-06-11 15:15:46 +0000  Processing step: IDEDistributionStripXattrsStep
2018-06-11 15:15:46 +0000  Running /usr/bin/xattr '-crs' '/var/folders/p7/l9382z7x6hsgr_8xjmxhw0xmryd4d0/T/XcodeDistPipeline.IqD/Root/Applications/Nagios Manager.app'
2018-06-11 15:15:46 +0000  2018-06-11 15:15:46 +0000  

2018-06-11 15:15:46 +0000  /usr/bin/xattr exited with 0
2018-06-11 15:15:46 +0000  2018-06-11 15:15:46 +0000  

2018-06-11 15:15:46 +0000  Processing step: IDEDistributionCodesignStep
2018-06-11 15:15:46 +0000  Entitlements for <IDEDistributionItem: 0x7faa45dc4520 'bynkii.com.Nagios-Manager' '<DVTFilePath:0x7faa44a9dc70:'/Users/john_welch/Library/Developer/Xcode/Archives/2018-06-11/Nagios Manager 6-11-18, 11.14.xcarchive/Products/Applications/Nagios Manager.app'>'>: {
}
2018-06-11 15:15:46 +0000  Writing entitlements for <IDEDistributionItem: 0x7faa45dc4520 'bynkii.com.Nagios-Manager' '<DVTFilePath:0x7faa44a9dc70:'/Users/john_welch/Library/Developer/Xcode/Archives/2018-06-11/Nagios Manager 6-11-18, 11.14.xcarchive/Products/Applications/Nagios Manager.app'>'> to: /var/folders/p7/l9382z7x6hsgr_8xjmxhw0xmryd4d0/T/XcodeDistPipeline.IqD/entitlementsVjYiuk
2018-06-11 15:15:46 +0000  Running /usr/bin/codesign '-vvv' '--force' '--sign' '4E9843757445024B881D1412AA740A8FA664F075' '--entitlements' '/var/folders/p7/l9382z7x6hsgr_8xjmxhw0xmryd4d0/T/XcodeDistPipeline.IqD/entitlementsVjYiuk' '--preserve-metadata=identifier,flags,runtime' '--requirements' '=designated => anchor apple generic  and identifier "$self.identifier" and ((cert leaf[field.1.2.840.113635.100.6.1.9] exists) or ( certificate 1[field.1.2.840.113635.100.6.2.6] exists and certificate leaf[field.1.2.840.113635.100.6.1.13] exists  and certificate leaf[subject.OU] = "6X48Z7RLLF" ))' '/var/folders/p7/l9382z7x6hsgr_8xjmxhw0xmryd4d0/T/XcodeDistPipeline.IqD/Root/Applications/Nagios Manager.app'
2018-06-11 15:15:46 +0000  /var/folders/p7/l9382z7x6hsgr_8xjmxhw0xmryd4d0/T/XcodeDistPipeline.IqD/Root/Applications/Nagios Manager.app: replacing existing signature
2018-06-11 15:15:47 +0000  /var/folders/p7/l9382z7x6hsgr_8xjmxhw0xmryd4d0/T/XcodeDistPipeline.IqD/Root/Applications/Nagios Manager.app: signed app bundle with Mach-O thin (x86_64) [bynkii.com.Nagios-Manager]
2018-06-11 15:15:47 +0000  
2018-06-11 15:15:47 +0000  /usr/bin/codesign exited with 0
2018-06-11 15:15:47 +0000  
2018-06-11 15:15:47 +0000  2018-06-11 15:15:47 +0000  Processing step: IDEDistributionZipODRItemStep

2018-06-11 15:15:47 +0000  Skipping step: IDEDistributionZipODRItemStep because it said so
2018-06-11 15:15:47 +0000  Processing step: IDEDistributionSkipPackagingStep
2018-06-11 15:15:47 +0000  Processing step: IDEDistributionCreateManifestStep
2018-06-11 15:15:47 +0000  Skipping step: IDEDistributionCreateManifestStep because it said so
